Build started 9/20/2013 10:08:03 PM.
     1>Project "C:\Users\lucy\Documents\School\2013fall\CIS565\Project1-RayTracer\PROJ1_WIN\565Raytracer\565Raytracer.vcxproj" on node 2 (Build target(s)).
     1>ClCompile:
         C:\Program Files (x86)\Microsoft Visual Studio 11.0\VC\bin\CL.exe /c /I"C:\Program Files\NVIDIA GPU Computing Toolkit\CUDA\v5.5\include" /I"C:\ProgramData\NVIDIA Corporation\CUDA Samples\v5.5\common\inc" /I../shared/glew/include /I../shared/freeglut/include /I"C:\Program Files\NVIDIA GPU Computing Toolkit\CUDA\v5.5\include" /Zi /nologo /W3 /WX- /O2 /Oi /Oy- /GL /D WIN32 /D NDEBUG /D _CONSOLE /D _UNICODE /D UNICODE /Gm- /EHsc /MD /GS /Gy /fp:precise /Zc:wchar_t /Zc:forScope /Fo"Release (v5.5)\\" /Fd"Release (v5.5)\vc110.pdb" /Gd /TP /analyze- /errorReport:prompt ..\..\src\main.cpp
         main.cpp
         Note: including lib: glut32.lib
         
     1>..\..\src\main.cpp(108): warning C4018: '<' : signed/unsigned mismatch
     1>..\..\src\main.cpp(117): warning C4018: '<' : signed/unsigned mismatch
     1>..\..\src\main.cpp(120): warning C4018: '<' : signed/unsigned mismatch
       Link:
         C:\Program Files (x86)\Microsoft Visual Studio 11.0\VC\bin\link.exe /ERRORREPORT:PROMPT /OUT:"C:\Users\lucy\Documents\School\2013fall\CIS565\Project1-RayTracer\PROJ1_WIN\Release (v5.5)\565Raytracer.exe" /INCREMENTAL:NO /NOLOGO /LIBPATH:../shared/glew/lib /LIBPATH:../shared/freeglut/lib /LIBPATH:"C:\Program Files\NVIDIA GPU Computing Toolkit\CUDA\v5.5\lib\Win32" cudart.lib glew32.lib glu32.lib opengl32.lib kernel32.lib user32.lib gdi32.lib winspool.lib comdlg32.lib advapi32.lib shell32.lib ole32.lib oleaut32.lib uuid.lib odbc32.lib odbccp32.lib kernel32.lib user32.lib gdi32.lib winspool.lib comdlg32.lib advapi32.lib shell32.lib ole32.lib oleaut32.lib uuid.lib odbc32.lib odbccp32.lib /MANIFEST /MANIFESTUAC:"level='asInvoker' uiAccess='false'" /manifest:embed /DEBUG /PDB:"C:\Users\lucy\Documents\School\2013fall\CIS565\Project1-RayTracer\PROJ1_WIN\Release (v5.5)\565Raytracer.pdb" /SUBSYSTEM:CONSOLE /OPT:REF /OPT:ICF /LTCG /TLBID:1 /ENTRY:"mainCRTStartup" /DYNAMICBASE /NXCOMPAT /IMPLIB:"C:\Users\lucy\Documents\School\2013fall\CIS565\Project1-RayTracer\PROJ1_WIN\Release (v5.5)\565Raytracer.lib" /MACHINE:X86 /SAFESEH "C:\Users\lucy\Documents\School\2013fall\CIS565\Project1-RayTracer\PROJ1_WIN\565Raytracer\Win32/Release (v5.5)/raytraceKernel.cu.obj"
         "Release (v5.5)\glslUtility.obj"
         "Release (v5.5)\image.obj"
         "Release (v5.5)\main.obj"
         "Release (v5.5)\scene.obj"
         "Release (v5.5)\stb_image.obj"
         "Release (v5.5)\stb_image_write.obj"
         "Release (v5.5)\utilities.obj"
         Generating code
         Finished generating code
         565Raytracer.vcxproj -> C:\Users\lucy\Documents\School\2013fall\CIS565\Project1-RayTracer\PROJ1_WIN\Release (v5.5)\565Raytracer.exe
     1>Done Building Project "C:\Users\lucy\Documents\School\2013fall\CIS565\Project1-RayTracer\PROJ1_WIN\565Raytracer\565Raytracer.vcxproj" (Build target(s)).

Build succeeded.

Time Elapsed 00:00:01.77
